Release 14.4 - xst P.49d (nt64)
Copyright (c) 1995-2012 Xilinx, Inc.  All rights reserved.
--> Parameter TMPDIR set to xst/projnav.tmp


Total REAL time to Xst completion: 0.00 secs
Total CPU time to Xst completion: 0.21 secs
 
--> Parameter xsthdpdir set to xst


Total REAL time to Xst completion: 0.00 secs
Total CPU time to Xst completion: 0.22 secs
 
--> Reading design: divizor.prj

TABLE OF CONTENTS
  1) Synthesis Options Summary
  2) HDL Compilation
  3) Design Hierarchy Analysis
  4) HDL Analysis
  5) HDL Synthesis
     5.1) HDL Synthesis Report
  6) Advanced HDL Synthesis
     6.1) Advanced HDL Synthesis Report
  7) Low Level Synthesis
  8) Partition Report
  9) Final Report
	9.1) Device utilization summary
	9.2) Partition Resource Summary
	9.3) TIMING REPORT


=========================================================================
*                      Synthesis Options Summary                        *
=========================================================================
---- Source Parameters
Input File Name                    : "divizor.prj"
Input Format                       : mixed
Ignore Synthesis Constraint File   : NO

---- Target Parameters
Output File Name                   : "divizor"
Output Format                      : NGC
Target Device                      : xc3s200-5-ft256

---- Source Options
Top Module Name                    : divizor
Automatic FSM Extraction           : YES
FSM Encoding Algorithm             : Auto
Safe Implementation                : No
FSM Style                          : LUT
RAM Extraction                     : Yes
RAM Style                          : Auto
ROM Extraction                     : Yes
Mux Style                          : Auto
Decoder Extraction                 : YES
Priority Encoder Extraction        : Yes
Shift Register Extraction          : YES
Logical Shifter Extraction         : YES
XOR Collapsing                     : YES
ROM Style                          : Auto
Mux Extraction                     : Yes
Resource Sharing                   : YES
Asynchronous To Synchronous        : NO
Multiplier Style                   : Auto
Automatic Register Balancing       : No

---- Target Options
Add IO Buffers                     : YES
Global Maximum Fanout              : 500
Add Generic Clock Buffer(BUFG)     : 8
Register Duplication               : YES
Slice Packing                      : YES
Optimize Instantiated Primitives   : NO
Use Clock Enable                   : Yes
Use Synchronous Set                : Yes
Use Synchronous Reset              : Yes
Pack IO Registers into IOBs        : Auto
Equivalent register Removal        : YES

---- General Options
Optimization Goal                  : Speed
Optimization Effort                : 1
Keep Hierarchy                     : No
Netlist Hierarchy                  : As_Optimized
RTL Output                         : Yes
Global Optimization                : AllClockNets
Read Cores                         : YES
Write Timing Constraints           : NO
Cross Clock Analysis               : NO
Hierarchy Separator                : /
Bus Delimiter                      : <>
Case Specifier                     : Maintain
Slice Utilization Ratio            : 100
BRAM Utilization Ratio             : 100
Verilog 2001                       : YES
Auto BRAM Packing                  : NO
Slice Utilization Ratio Delta      : 5

=========================================================================


=========================================================================
*                          HDL Compilation                              *
=========================================================================
Compiling vhdl file "D:/XILINX_PROJECTS/vga_2/divizor.vhd" in Library work.
Entity <divizor> compiled.
Entity <divizor> (Architecture <Behavioral>) compiled.

=========================================================================
*                     Design Hierarchy Analysis                         *
=========================================================================
Analyzing hierarchy for entity <divizor> in library <work> (architecture <Behavioral>).


=========================================================================
*                            HDL Analysis                               *
=========================================================================
Analyzing Entity <divizor> in library <work> (Architecture <Behavioral>).
Entity <divizor> analyzed. Unit <divizor> generated.


=========================================================================
*                           HDL Synthesis                               *
=========================================================================

Performing bidirectional port resolution...

Synthesizing Unit <divizor>.
    Related source file is "D:/XILINX_PROJECTS/vga_2/divizor.vhd".
WARNING:Xst:1780 - Signal <aux> is never used or assigned. This unconnected signal will be trimmed during the optimization process.
    Found 28-bit up counter for signal <x>.
    Summary:
	inferred   1 Counter(s).
Unit <divizor> synthesized.


=========================================================================
HDL Synthesis Report

Macro Statistics
# Counters                                             : 1
 28-bit up counter                                     : 1

=========================================================================

=========================================================================
*                       Advanced HDL Synthesis                          *
=========================================================================


=========================================================================
Advanced HDL Synthesis Report

Macro Statistics
# Counters                                             : 1
 28-bit up counter                                     : 1

=========================================================================

=========================================================================
*                         Low Level Synthesis                           *
=========================================================================

Optimizing unit <divizor> ...

Mapping all equations...
Building and optimizing final netlist ...
Found area constraint ratio of 100 (+ 5) on block divizor, actual ratio is 0.

Final Macro Processing ...

=========================================================================
Final Register Report

Macro Statistics
# Registers                                            : 28
 Flip-Flops                                            : 28

=========================================================================

=========================================================================
*                           Partition Report                            *
=========================================================================

Partition Implementation Status
-------------------------------

  No Partitions were found in this design.

-------------------------------

=========================================================================
*                            Final Report                               *
=========================================================================
Final Results
RTL Top Level Output File Name     : divizor.ngr
Top Level Output File Name         : divizor
Output Format                      : NGC
Optimization Goal                  : Speed
Keep Hierarchy                     : No

Design Statistics
# IOs                              : 2

Cell Usage :
# BELS                             : 85
#      GND                         : 1
#      INV                         : 1
#      LUT1                        : 27
#      MUXCY                       : 27
#      VCC                         : 1
#      XORCY                       : 28
# FlipFlops/Latches                : 28
#      FD                          : 28
# Clock Buffers                    : 1
#      BUFGP                       : 1
# IO Buffers                       : 1
#      OBUF                        : 1
=========================================================================

Device utilization summary:
---------------------------

Selected Device : 3s200ft256-5 

 Number of Slices:                       15  out of   1920     0%  
 Number of Slice Flip Flops:             28  out of   3840     0%  
 Number of 4 input LUTs:                 28  out of   3840     0%  
 Number of IOs:                           2
 Number of bonded IOBs:                   2  out of    173     1%  
 Number of GCLKs:                         1  out of      8    12%  

---------------------------
Partition Resource Summary:
---------------------------

  No Partitions were found in this design.

---------------------------


=========================================================================
TIMING REPORT

NOTE: THESE TIMING NUMBERS ARE ONLY A SYNTHESIS ESTIMATE.
      FOR ACCURATE TIMING INFORMATION PLEASE REFER TO THE TRACE REPORT
      GENERATED AFTER PLACE-and-ROUTE.

Clock Information:
------------------
-----------------------------------+------------------------+-------+
Clock Signal                       | Clock buffer(FF name)  | Load  |
-----------------------------------+------------------------+-------+
clk                                | BUFGP                  | 28    |
-----------------------------------+------------------------+-------+

Asynchronous Control Signals Information:
----------------------------------------
No asynchronous control signals found in this design

Timing Summary:
---------------
Speed Grade: -5

   Minimum period: 4.865ns (Maximum Frequency: 205.535MHz)
   Minimum input arrival time before clock: No path found
   Maximum output required time after clock: 6.280ns
   Maximum combinational path delay: No path found

Timing Detail:
--------------
All values displayed in nanoseconds (ns)

=========================================================================
Timing constraint: Default period analysis for Clock 'clk'
  Clock period: 4.865ns (frequency: 205.535MHz)
  Total number of paths / destination ports: 406 / 28
-------------------------------------------------------------------------
Delay:               4.865ns (Levels of Logic = 28)
  Source:            x_1 (FF)
  Destination:       x_27 (FF)
  Source Clock:      clk rising
  Destination Clock: clk rising

  Data Path: x_1 to x_27
                                Gate     Net
    Cell:in->out      fanout   Delay   Delay  Logical Name (Net Name)
    ----------------------------------------  ------------
     FD:C->Q               1   0.626   0.976  x_1 (x_1)
     LUT1:I0->O            1   0.479   0.000  Mcount_x_cy<1>_rt (Mcount_x_cy<1>_rt)
     MUXCY:S->O            1   0.435   0.000  Mcount_x_cy<1> (Mcount_x_cy<1>)
     MUXCY:CI->O           1   0.056   0.000  Mcount_x_cy<2> (Mcount_x_cy<2>)
     MUXCY:CI->O           1   0.056   0.000  Mcount_x_cy<3> (Mcount_x_cy<3>)
     MUXCY:CI->O           1   0.056   0.000  Mcount_x_cy<4> (Mcount_x_cy<4>)
     MUXCY:CI->O           1   0.056   0.000  Mcount_x_cy<5> (Mcount_x_cy<5>)
     MUXCY:CI->O           1   0.056   0.000  Mcount_x_cy<6> (Mcount_x_cy<6>)
     MUXCY:CI->O           1   0.056   0.000  Mcount_x_cy<7> (Mcount_x_cy<7>)
     MUXCY:CI->O           1   0.055   0.000  Mcount_x_cy<8> (Mcount_x_cy<8>)
     MUXCY:CI->O           1   0.056   0.000  Mcount_x_cy<9> (Mcount_x_cy<9>)
     MUXCY:CI->O           1   0.056   0.000  Mcount_x_cy<10> (Mcount_x_cy<10>)
     MUXCY:CI->O           1   0.056   0.000  Mcount_x_cy<11> (Mcount_x_cy<11>)
     MUXCY:CI->O           1   0.056   0.000  Mcount_x_cy<12> (Mcount_x_cy<12>)
     MUXCY:CI->O           1   0.056   0.000  Mcount_x_cy<13> (Mcount_x_cy<13>)
     MUXCY:CI->O           1   0.056   0.000  Mcount_x_cy<14> (Mcount_x_cy<14>)
     MUXCY:CI->O           1   0.056   0.000  Mcount_x_cy<15> (Mcount_x_cy<15>)
     MUXCY:CI->O           1   0.056   0.000  Mcount_x_cy<16> (Mcount_x_cy<16>)
     MUXCY:CI->O           1   0.056   0.000  Mcount_x_cy<17> (Mcount_x_cy<17>)
     MUXCY:CI->O           1   0.056   0.000  Mcount_x_cy<18> (Mcount_x_cy<18>)
     MUXCY:CI->O           1   0.056   0.000  Mcount_x_cy<19> (Mcount_x_cy<19>)
     MUXCY:CI->O           1   0.056   0.000  Mcount_x_cy<20> (Mcount_x_cy<20>)
     MUXCY:CI->O           1   0.056   0.000  Mcount_x_cy<21> (Mcount_x_cy<21>)
     MUXCY:CI->O           1   0.056   0.000  Mcount_x_cy<22> (Mcount_x_cy<22>)
     MUXCY:CI->O           1   0.056   0.000  Mcount_x_cy<23> (Mcount_x_cy<23>)
     MUXCY:CI->O           1   0.056   0.000  Mcount_x_cy<24> (Mcount_x_cy<24>)
     MUXCY:CI->O           1   0.056   0.000  Mcount_x_cy<25> (Mcount_x_cy<25>)
     MUXCY:CI->O           0   0.056   0.000  Mcount_x_cy<26> (Mcount_x_cy<26>)
     XORCY:CI->O           1   0.786   0.000  Mcount_x_xor<27> (Result<27>)
     FD:D                      0.176          x_27
    ----------------------------------------
    Total                      4.865ns (3.890ns logic, 0.976ns route)
                                       (79.9% logic, 20.1% route)

=========================================================================
Timing constraint: Default OFFSET OUT AFTER for Clock 'clk'
  Total number of paths / destination ports: 1 / 1
-------------------------------------------------------------------------
Offset:              6.280ns (Levels of Logic = 1)
  Source:            x_27 (FF)
  Destination:       mclk (PAD)
  Source Clock:      clk rising

  Data Path: x_27 to mclk
                                Gate     Net
    Cell:in->out      fanout   Delay   Delay  Logical Name (Net Name)
    ----------------------------------------  ------------
     FD:C->Q               2   0.626   0.745  x_27 (x_27)
     OBUF:I->O                 4.909          mclk_OBUF (mclk)
    ----------------------------------------
    Total                      6.280ns (5.535ns logic, 0.745ns route)
                                       (88.1% logic, 11.9% route)

=========================================================================


Total REAL time to Xst completion: 8.00 secs
Total CPU time to Xst completion: 8.00 secs
 
--> 

Total memory usage is 291060 kilobytes

Number of errors   :    0 (   0 filtered)
Number of warnings :    1 (   0 filtered)
Number of infos    :    0 (   0 filtered)

